<?xml version="1.0" encoding="UTF-8"?>
<!-- Generated by org.testng.reporters.JUnitXMLReporter -->
<testsuite ignored="0" hostname="DML-rbE9bu0vttI" failures="0" tests="3" name="Default test" time="39.939" errors="0" timestamp="2024-11-06T14:41:10 IST">
  <testcase classname="department.tests.SubmitTest" name="submitOrder" time="15.083"/>
  <testcase classname="department.tests.SubmitTest" name="submitOrder" time="15.76"/>
  <testcase classname="department.tests.SubmitTest" name="orderHistoryTest" time="0.649"/>
</testsuite> <!-- Default test -->
