<?xml version="1.0" encoding="UTF-8"?>
<!-- Generated by org.testng.reporters.JUnitXMLReporter -->
<testsuite ignored="1" hostname="DML-rbE9bu0vttI" failures="1" tests="1" name="Submit Test" time="0.171" errors="0" timestamp="2024-11-05T10:44:17 IST">
  <testcase classname="department.tests.SubmitTest" name="submitOrder" time="0.047">
    <failure type="java.lang.NullPointerException" message="Cannot invoke &amp;quot;department.pageobjects.LandingPage.loginApplication(String, String)&amp;quot; because &amp;quot;this.landingPage&amp;quot; is null">
      <![CDATA[java.lang.NullPointerException: Cannot invoke "department.pageobjects.LandingPage.loginApplication(String, String)" because "this.landingPage" is null
at department.tests.SubmitTest.submitOrder(SubmitTest.java:25)
at java.base/java.util.ArrayList.forEach(ArrayList.java:1597)
at java.base/java.util.concurrent.FutureTask.run(FutureTask.java:317)
at java.base/java.util.concurrent.ThreadPoolExecutor.runWorker(ThreadPoolExecutor.java:1144)
at java.base/java.util.concurrent.ThreadPoolExecutor$Worker.run(ThreadPoolExecutor.java:642)
at java.base/java.lang.Thread.run(Thread.java:1570)
... Removed 15 stack frames]]>
    </failure>
  </testcase> <!-- submitOrder -->
  <testcase classname="department.tests.SubmitTest" name="orderHistoryTest" time="0.0">
    <ignored/>
  </testcase> <!-- orderHistoryTest -->
</testsuite> <!-- Submit Test -->
