<?xml version="1.0" encoding="UTF-8"?>
<!-- Generated by org.testng.reporters.JUnitXMLReporter -->
<testsuite ignored="0" hostname="DML-rbE9bu0vttI" failures="0" tests="3" name="Submit order test" time="50.939" errors="0" timestamp="2024-11-06T13:14:05 IST">
  <testcase classname="department.tests.SubmitTest" name="submitOrder" time="15.695"/>
  <testcase classname="department.tests.SubmitTest" name="submitOrder" time="16.143"/>
  <testcase classname="department.tests.SubmitTest" name="orderHistoryTest" time="0.761"/>
</testsuite> <!-- Submit order test -->
