<?xml version="1.0" encoding="UTF-8"?>
<!-- Generated by org.testng.reporters.JUnitXMLReporter -->
<testsuite ignored="1" hostname="DML-rbE9bu0vttI" failures="2" tests="2" name="SubmitTest" time="1.125" errors="0" timestamp="2024-11-05T16:39:08 IST">
  <testcase classname="department.tests.SubmitTest" name="submitOrder" time="0.167">
    <failure type="java.lang.NullPointerException" message="Cannot invoke &amp;quot;department.pageobjects.LandingPage.loginApplication(String, String)&amp;quot; because &amp;quot;this.landingPage&amp;quot; is null">
      <![CDATA[java.lang.NullPointerException: Cannot invoke "department.pageobjects.LandingPage.loginApplication(String, String)" because "this.landingPage" is null
at department.tests.SubmitTest.submitOrder(SubmitTest.java:26)
at java.base/java.util.ArrayList.forEach(ArrayList.java:1597)
... Removed 25 stack frames]]>
    </failure>
  </testcase> <!-- submitOrder -->
  <testcase classname="department.tests.SubmitTest" name="submitOrder" time="0.002">
    <failure type="java.lang.NullPointerException" message="Cannot invoke &amp;quot;department.pageobjects.LandingPage.loginApplication(String, String)&amp;quot; because &amp;quot;this.landingPage&amp;quot; is null">
      <![CDATA[java.lang.NullPointerException: Cannot invoke "department.pageobjects.LandingPage.loginApplication(String, String)" because "this.landingPage" is null
at department.tests.SubmitTest.submitOrder(SubmitTest.java:26)
at java.base/java.util.ArrayList.forEach(ArrayList.java:1597)
... Removed 25 stack frames]]>
    </failure>
  </testcase> <!-- submitOrder -->
  <testcase classname="department.tests.SubmitTest" name="orderHistoryTest" time="0.0">
    <ignored/>
  </testcase> <!-- orderHistoryTest -->
</testsuite> <!-- SubmitTest -->
