<?xml version="1.0" encoding="UTF-8"?>
<!-- Generated by org.testng.reporters.JUnitXMLReporter -->
<testsuite ignored="0" hostname="DML-rbE9bu0vttI" failures="1" tests="3" name="Submit order test" time="42.436" errors="0" timestamp="2024-11-06T14:36:41 IST">
  <testcase classname="department.tests.SubmitTest" name="submitOrder" time="15.279"/>
  <testcase classname="department.tests.SubmitTest" name="submitOrder" time="15.729"/>
  <testcase classname="department.tests.SubmitTest" name="orderHistoryTest" time="0.709">
    <failure type="java.lang.AssertionError" message="expected [true] but found [false]">
      <![CDATA[java.lang.AssertionError: expected [true] but found [false]
at department.tests.SubmitTest.orderHistoryTest(SubmitTest.java:55)
at java.base/java.util.ArrayList.forEach(ArrayList.java:1596)
... Removed 33 stack frames]]>
    </failure>
  </testcase> <!-- orderHistoryTest -->
</testsuite> <!-- Submit order test -->
